2021-03-30T09:09:55+00:00 CRITICAL Uncaught TypeError: Elementor\Elements_Manager::create_element_instance(): Argument #1 ($element_data) must be of type array, string given, called in D:\KeyIdeas Infotech\xampp\htdocs\assignment\wp-content\plugins\elementor\core\base\document.php on line 810 and defined in D:\KeyIdeas Infotech\xampp\htdocs\assignment\wp-content\plugins\elementor\includes\managers\elements.php:68
Stack trace:
#0 D:\KeyIdeas Infotech\xampp\htdocs\assignment\wp-content\plugins\elementor\core\base\document.php(810): Elementor\Elements_Manager->create_element_instance('Array')
#1 D:\KeyIdeas Infotech\xampp\htdocs\assignment\wp-content\plugins\astra-sites\inc\importers\batch-processing\class-astra-sites-batch-processing-elementor.php(121): Elementor\Core\Base\Document->get_elements_raw_data(Array, true)
#2 D:\KeyIdeas Infotech\xampp\htdocs\assignment\wp-content\plugins\astra-sites\inc\importers\batch-processing\class-astra-sites-batch-processing-elementor.php(66): Elementor\TemplateLibrary\Astra_Sites_Batch_Processing_Elementor->import_single_post(14)
#3 D:\KeyIdeas Infotech\xampp\htdocs\assignment\wp-content\plugins\astra-sites\inc\importers\batch-processing\helpers\class-wp-background-process-astra.php(41): Elementor\TemplateLibrary\Astra_Sites_Batch_Processing_Elementor->import()
#4 D:\KeyIdeas Infotech\xampp\htdocs\assignment\wp-content\plugins\woocommerce\includes\libraries\wp-background-process.php(301): WP_Background_Process_Astra->task(Object(Elementor\TemplateLibrary\Astra_Sites_Batch_Processing_Elementor))
#5 D:\KeyIdeas Infotech\xampp\htdocs\assignment\wp-content\plugins\woocommerce\includes\libraries\wp-background-process.php(447): WP_Background_Process->handle()
#6 D:\KeyIdeas Infotech\xampp\htdocs\assignment\wp-includes\class-wp-hook.php(292): WP_Background_Process->handle_cron_healthcheck()
#7 D:\KeyIdeas Infotech\xampp\htdocs\assignment\wp-includes\class-wp-hook.php(316): WP_Hook->apply_filters('', Array)
#8 D:\KeyIdeas Infotech\xampp\htdocs\assignment\wp-includes\plugin.php(551): WP_Hook->do_action(Array)
#9 D:\KeyIdeas Infotech\xampp\htdocs\assignment\wp-cron.php(138): do_action_ref_array('wp_image_proces...', Array)
#10 {main}
  thrown in D:\KeyIdeas Infotech\xampp\htdocs\assignment\wp-content\plugins\elementor\includes\managers\elements.php on line 68

2021-03-30T09:10:51+00:00 CRITICAL Uncaught Error: Unknown named parameter $tasks_meta_id in D:\KeyIdeas Infotech\xampp\htdocs\assignment\wp-includes\class-wp-hook.php:292
Stack trace:
#0 D:\KeyIdeas Infotech\xampp\htdocs\assignment\wp-includes\class-wp-hook.php(316): WP_Hook->apply_filters('', Array)
#1 D:\KeyIdeas Infotech\xampp\htdocs\assignment\wp-includes\plugin.php(551): WP_Hook->do_action(Array)
#2 D:\KeyIdeas Infotech\xampp\htdocs\assignment\wp-content\plugins\woocommerce\packages\action-scheduler\classes\actions\ActionScheduler_Action.php(22): do_action_ref_array('wpforms_admin_n...', Array)
#3 D:\KeyIdeas Infotech\xampp\htdocs\assignment\wp-content\plugins\woocommerce\packages\action-scheduler\classes\abstracts\ActionScheduler_Abstract_QueueRunner.php(65): ActionScheduler_Action->execute()
#4 D:\KeyIdeas Infotech\xampp\htdocs\assignment\wp-content\plugins\woocommerce\packages\action-scheduler\classes\ActionScheduler_QueueRunner.php(162): ActionScheduler_Abstract_QueueRunner->process_action(8, 'Async Request')
#5 D:\KeyIdeas Infotech\xampp\htdocs\assignment\wp-content\plugins\woocommerce\packages\action-scheduler\classes\ActionScheduler_QueueRunner.php(132): ActionScheduler_QueueRunner->do_batch(25, 'Async Request')
#6 D:\KeyIdeas Infotech\xampp\htdocs\assignment\wp-includes\class-wp-hook.php(292): ActionScheduler_QueueRunner->run('Async Request')
#7 D:\KeyIdeas Infotech\xampp\htdocs\assignment\wp-includes\class-wp-hook.php(316): WP_Hook->apply_filters('', Array)
#8 D:\KeyIdeas Infotech\xampp\htdocs\assignment\wp-includes\plugin.php(484): WP_Hook->do_action(Array)
#9 D:\KeyIdeas Infotech\xampp\htdocs\assignment\wp-content\plugins\woocommerce\packages\action-scheduler\classes\ActionScheduler_AsyncRequest_QueueRunner.php(52): do_action('action_schedule...', 'Async Request')
#10 D:\KeyIdeas Infotech\xampp\htdocs\assignment\wp-content\plugins\woocommerce\includes\libraries\wp-async-request.php(147): ActionScheduler_AsyncRequest_QueueRunner->handle()
#11 D:\KeyIdeas Infotech\xampp\htdocs\assignment\wp-includes\class-wp-hook.php(292): WP_Async_Request->maybe_handle('')
#12 D:\KeyIdeas Infotech\xampp\htdocs\assignment\wp-includes\class-wp-hook.php(316): WP_Hook->apply_filters('', Array)
#13 D:\KeyIdeas Infotech\xampp\htdocs\assignment\wp-includes\plugin.php(484): WP_Hook->do_action(Array)
#14 D:\KeyIdeas Infotech\xampp\htdocs\assignment\wp-admin\admin-ajax.php(187): do_action('wp_ajax_as_asyn...')
#15 {main}
  thrown in D:\KeyIdeas Infotech\xampp\htdocs\assignment\wp-includes\class-wp-hook.php on line 292

2021-03-30T09:14:53+00:00 CRITICAL Uncaught TypeError: Elementor\Elements_Manager::create_element_instance(): Argument #1 ($element_data) must be of type array, string given, called in D:\KeyIdeas Infotech\xampp\htdocs\assignment\wp-content\plugins\elementor\core\base\document.php on line 810 and defined in D:\KeyIdeas Infotech\xampp\htdocs\assignment\wp-content\plugins\elementor\includes\managers\elements.php:68
Stack trace:
#0 D:\KeyIdeas Infotech\xampp\htdocs\assignment\wp-content\plugins\elementor\core\base\document.php(810): Elementor\Elements_Manager->create_element_instance('Array')
#1 D:\KeyIdeas Infotech\xampp\htdocs\assignment\wp-content\plugins\astra-sites\inc\importers\batch-processing\class-astra-sites-batch-processing-elementor.php(121): Elementor\Core\Base\Document->get_elements_raw_data(Array, true)
#2 D:\KeyIdeas Infotech\xampp\htdocs\assignment\wp-content\plugins\astra-sites\inc\importers\batch-processing\class-astra-sites-batch-processing-elementor.php(66): Elementor\TemplateLibrary\Astra_Sites_Batch_Processing_Elementor->import_single_post(14)
#3 D:\KeyIdeas Infotech\xampp\htdocs\assignment\wp-content\plugins\astra-sites\inc\importers\batch-processing\helpers\class-wp-background-process-astra.php(41): Elementor\TemplateLibrary\Astra_Sites_Batch_Processing_Elementor->import()
#4 D:\KeyIdeas Infotech\xampp\htdocs\assignment\wp-content\plugins\woocommerce\includes\libraries\wp-background-process.php(301): WP_Background_Process_Astra->task(Object(Elementor\TemplateLibrary\Astra_Sites_Batch_Processing_Elementor))
#5 D:\KeyIdeas Infotech\xampp\htdocs\assignment\wp-content\plugins\woocommerce\includes\libraries\wp-background-process.php(447): WP_Background_Process->handle()
#6 D:\KeyIdeas Infotech\xampp\htdocs\assignment\wp-includes\class-wp-hook.php(292): WP_Background_Process->handle_cron_healthcheck()
#7 D:\KeyIdeas Infotech\xampp\htdocs\assignment\wp-includes\class-wp-hook.php(316): WP_Hook->apply_filters('', Array)
#8 D:\KeyIdeas Infotech\xampp\htdocs\assignment\wp-includes\plugin.php(551): WP_Hook->do_action(Array)
#9 D:\KeyIdeas Infotech\xampp\htdocs\assignment\wp-cron.php(138): do_action_ref_array('wp_image_proces...', Array)
#10 {main}
  thrown in D:\KeyIdeas Infotech\xampp\htdocs\assignment\wp-content\plugins\elementor\includes\managers\elements.php on line 68

2021-03-30T09:20:56+00:00 CRITICAL Uncaught TypeError: Elementor\Elements_Manager::create_element_instance(): Argument #1 ($element_data) must be of type array, string given, called in D:\KeyIdeas Infotech\xampp\htdocs\assignment\wp-content\plugins\elementor\core\base\document.php on line 810 and defined in D:\KeyIdeas Infotech\xampp\htdocs\assignment\wp-content\plugins\elementor\includes\managers\elements.php:68
Stack trace:
#0 D:\KeyIdeas Infotech\xampp\htdocs\assignment\wp-content\plugins\elementor\core\base\document.php(810): Elementor\Elements_Manager->create_element_instance('Array')
#1 D:\KeyIdeas Infotech\xampp\htdocs\assignment\wp-content\plugins\astra-sites\inc\importers\batch-processing\class-astra-sites-batch-processing-elementor.php(121): Elementor\Core\Base\Document->get_elements_raw_data(Array, true)
#2 D:\KeyIdeas Infotech\xampp\htdocs\assignment\wp-content\plugins\astra-sites\inc\importers\batch-processing\class-astra-sites-batch-processing-elementor.php(66): Elementor\TemplateLibrary\Astra_Sites_Batch_Processing_Elementor->import_single_post(14)
#3 D:\KeyIdeas Infotech\xampp\htdocs\assignment\wp-content\plugins\astra-sites\inc\importers\batch-processing\helpers\class-wp-background-process-astra.php(41): Elementor\TemplateLibrary\Astra_Sites_Batch_Processing_Elementor->import()
#4 D:\KeyIdeas Infotech\xampp\htdocs\assignment\wp-content\plugins\woocommerce\includes\libraries\wp-background-process.php(301): WP_Background_Process_Astra->task(Object(Elementor\TemplateLibrary\Astra_Sites_Batch_Processing_Elementor))
#5 D:\KeyIdeas Infotech\xampp\htdocs\assignment\wp-content\plugins\woocommerce\includes\libraries\wp-background-process.php(447): WP_Background_Process->handle()
#6 D:\KeyIdeas Infotech\xampp\htdocs\assignment\wp-includes\class-wp-hook.php(292): WP_Background_Process->handle_cron_healthcheck()
#7 D:\KeyIdeas Infotech\xampp\htdocs\assignment\wp-includes\class-wp-hook.php(316): WP_Hook->apply_filters('', Array)
#8 D:\KeyIdeas Infotech\xampp\htdocs\assignment\wp-includes\plugin.php(551): WP_Hook->do_action(Array)
#9 D:\KeyIdeas Infotech\xampp\htdocs\assignment\wp-cron.php(138): do_action_ref_array('wp_image_proces...', Array)
#10 {main}
  thrown in D:\KeyIdeas Infotech\xampp\htdocs\assignment\wp-content\plugins\elementor\includes\managers\elements.php on line 68

