********************************************************************************
DUPLICATOR-LITE PACKAGE-LOG: March 28, 2021 3:25 pm
NOTICE: Do NOT post to public sites or forums 
********************************************************************************
VERSION:	1.4.0
WORDPRESS:	5.7
PHP INFO:	8.0.3 | SAPI: apache2handler
SERVER:		Apache/2.4.46 (Win64) OpenSSL/1.1.1j PHP/8.0.3 
PHP TIME LIMIT: (0) no time limit imposed 
PHP MAX MEMORY: 4294967296 (512M default) 
MEMORY STACK: 18MB

********************************************************************************
DATABASE:
********************************************************************************
BUILD MODE:   MYSQLDUMP
MYSQLTIMEOUT: 5000
MYSQLDUMP:    Is Supported
SQL CREATED: 20210328_assignment_0058ad0edeb80f2b6939_20210328152451_database.sql
SQL FILE SIZE: 2.44MB (2560909)
SQL FILE TIME: 2021-03-28 15:25:51
SQL RUNTIME: 25.78 sec.

********************************************************************************
ARCHIVE (ZIP):
********************************************************************************
ARCHIVE DIR:  D:/KeyIdeas Infotech/xampp/htdocs/assignment
ARCHIVE FILE: 20210328_assignment_0058ad0edeb80f2b6939_20210328152451_archive.zip
FILTERS: *OFF*
DIRS:
	not set
FILES:
	not set
EXTS:  not set
----------------------------------------
COMPRESSING
SIZE:	215.86MB
STATS:	Dirs 2,034 | Files 10,937
SQL ADDED: 20210328_assignment_0058ad0edeb80f2b6939_20210328152451_database.sql
ZipArchive Object
(
    [lastId] => 12970
    [status] => 0
    [statusSys] => 0
    [numFiles] => 12971
    [filename] => D:\KeyIdeas Infotech\xampp\htdocs\assignment\wp-content\backups-dup-lite\tmp\20210328_assignment_0058ad0edeb80f2b6939_20210328152451_archive.zip
    [comment] => 
)

FILE ADDED TO ZIP: 12970
COMPRESSION RESULT: '1'
COMPRESSED SIZE: 80.79MB
ARCHIVE RUNTIME: 333.86 sec.
MEMORY STACK: 22MB
building installer
add_extra_files1
add_extra_files2
add_extra_files3
add_extra_files4
Doing archive file check
add_extra_files5
add_extra_files6
add_extra_files8
Successfully opened zip D:/KeyIdeas Infotech/xampp/htdocs/assignment/wp-content/backups-dup-lite/tmp/20210328_assignment_0058ad0edeb80f2b6939_20210328152451_archive.zip
Adding enhanced installer files to archive using ZipArchive
Installer files added to archive
Added to archive
After ziparchive close when adding installer

********************************************************************************
INTEGRITY CHECKS:
********************************************************************************
SQL FILE: 2.44MB
INSTALLER FILE: 63.95KB
ARCHIVE FILE: 82.36MB 
EXPECTED FILE/DIRECTORY COUNT: 12,971
ACTUAL FILE/DIRECTORY COUNT: 12,970
ARCHIVE CONSISTENCY TEST: Pass

********************************************************************************
RECORD ID:[1]
TOTAL PROCESS RUNTIME: 362.15 sec.
PEAK PHP MEMORY USED: 26MB
DONE PROCESSING => 20210328_assignment March 28, 2021 3:31 pm

